2022-02-01 10:33:08,650 [main] INFO nopCommerce - ***** Launching Browser *****
2022-02-01 10:33:09,545 [main] INFO nopCommerce - ***** Providing login details *****
2022-02-01 10:33:09,664 [main] INFO nopCommerce - ***** started login process *****
2022-02-01 10:33:23,673 [main] INFO nopCommerce - ***** Adding new customer *****
2022-02-01 10:33:23,673 [main] INFO nopCommerce - *****  Providing customer details *****
2022-02-01 10:33:30,203 [main] INFO nopCommerce - ***** Saving customer data *****
2022-02-01 10:33:33,758 [main] INFO nopCommerce - ***** Closing Browser *****
2022-02-01 10:33:34,488 [main] INFO nopCommerce - ***** Launching Browser *****
2022-02-01 10:33:35,361 [main] INFO nopCommerce - ***** Providing login details *****
2022-02-01 10:33:35,475 [main] INFO nopCommerce - ***** started login process *****
2022-02-01 10:33:47,148 [main] INFO nopCommerce - ***** Searching customer by using emailID *****
2022-02-01 10:33:50,363 [main] INFO nopCommerce - ***** Closing Browser *****
2022-02-01 10:33:51,058 [main] INFO nopCommerce - ***** Launching Browser *****
2022-02-01 10:33:51,908 [main] INFO nopCommerce - ***** Providing login details *****
2022-02-01 10:33:52,019 [main] INFO nopCommerce - ***** started login process *****
2022-02-01 10:34:03,082 [main] INFO nopCommerce - ***** Searching customer by name *****
2022-02-01 10:34:06,326 [main] INFO nopCommerce - ***** Closing Browser *****
2022-02-01 11:57:34,851 [main] INFO nopCommerce - ***** Launching Browser *****
2022-02-01 11:57:35,695 [main] INFO nopCommerce - ***** Providing login details *****
2022-02-01 11:57:35,816 [main] INFO nopCommerce - ***** started login process *****
2022-02-01 11:57:53,105 [main] INFO nopCommerce - ***** Adding new customer *****
2022-02-01 11:57:53,105 [main] INFO nopCommerce - *****  Providing customer details *****
2022-02-01 11:57:59,624 [main] INFO nopCommerce - ***** Saving customer data *****
2022-02-01 11:58:03,436 [main] INFO nopCommerce - ***** Closing Browser *****
2022-02-01 11:58:04,125 [main] INFO nopCommerce - ***** Launching Browser *****
2022-02-01 11:58:04,967 [main] INFO nopCommerce - ***** Providing login details *****
2022-02-01 11:58:05,078 [main] INFO nopCommerce - ***** started login process *****
2022-02-01 11:58:16,043 [main] INFO nopCommerce - ***** Searching customer by using emailID *****
2022-02-01 11:58:19,261 [main] INFO nopCommerce - ***** Closing Browser *****
2022-02-01 11:58:19,988 [main] INFO nopCommerce - ***** Launching Browser *****
2022-02-01 11:58:20,498 [main] INFO nopCommerce - ***** Providing login details *****
2022-02-01 11:58:20,606 [main] INFO nopCommerce - ***** started login process *****
2022-02-01 11:58:31,041 [main] INFO nopCommerce - ***** Searching customer by name *****
2022-02-01 11:58:34,471 [main] INFO nopCommerce - ***** Closing Browser *****
